Sa 4. Dez 23:30:03 CET 2021 :: perform README.md update
Sa 4. Dez 23:30:05 CET 2021 :: README.md update done
Sa 4. Dez 23:32:03 CET 2021 :: perform README.md update
Sa 4. Dez 23:32:04 CET 2021 :: README.md update done
Sa 4. Dez 23:34:03 CET 2021 :: perform README.md update
Sa 4. Dez 23:34:03 CET 2021 :: README.md update done
Sa 4. Dez 23:39:02 CET 2021 :: perform README.md update
Sa 4. Dez 23:39:02 CET 2021 :: README.md update done
Sa 4. Dez 23:41:03 CET 2021 :: perform README.md update
Sa 4. Dez 23:41:03 CET 2021 :: README.md update done
Sa 4. Dez 23:43:03 CET 2021 :: perform README.md update
Sa 4. Dez 23:43:03 CET 2021 :: README.md update done
Sa 4. Dez 23:55:03 CET 2021 :: perform README.md update
Sa 4. Dez 23:55:03 CET 2021 :: README.md update done
So 5. Dez 00:00:03 CET 2021 :: perform README.md update
So 5. Dez 00:00:03 CET 2021 :: README.md update done
So 5. Dez 00:05:02 CET 2021 :: perform README.md update
So 5. Dez 00:05:02 CET 2021 :: README.md update done
So 5. Dez 00:10:02 CET 2021 :: perform README.md update
So 5. Dez 00:10:03 CET 2021 :: README.md update done
So 5. Dez 00:15:03 CET 2021 :: perform README.md update
So 5. Dez 00:15:03 CET 2021 :: README.md update done
Mo 11. Apr 18:25:01 CEST 2022 :: perform README.md update
Mo 11. Apr 18:25:01 CEST 2022 :: README.md update done
Mo 11. Apr 18:30:01 CEST 2022 :: perform README.md update
Mo 11. Apr 18:30:01 CEST 2022 :: README.md update done
